address :  0.0.0.0:52020
recv:1
[ UDP ] recv:2
[ UDP ] recv:3
[ UDP ] recv:4 
<- handlerMsg:: readfromudp , n: 39 , buff: ###1##111##oooo##oooo进入聊天室### 
 -- addr: 192.168.32.53:45493 
-anayzeMsg , -decode1 0,1 :  ,  1##111##oooo##oooo进入聊天室 
-anayzeMsg , -decode2 0,1,2 : 1 , 111 , oooo  
 readOut: n:39 , err:<nil>  
<- handlerMsg:: readfromudp , n: 23 , buff: ###2##111##oooo##yes### 
 -- addr: 192.168.32.53:45493 
-anayzeMsg , -decode1 0,1 :  ,  2##111##oooo##yes 
-anayzeMsg , -decode2 0,1,2 : 2 , 111 , oooo  
 readOut: n:23 , err:<nil>  
<- handlerMsg:: readfromudp , n: 23 , buff: ###2##111##oooo##jjj### 
 -- addr: 192.168.32.53:45493 
-anayzeMsg , -decode1 0,1 :  ,  2##111##oooo##jjj 
-anayzeMsg , -decode2 0,1,2 : 2 , 111 , oooo  
 readOut: n:23 , err:<nil>  
<- handlerMsg:: readfromudp , n: 24 , buff: ###2##111##oooo##eeee### 
 -- addr: 192.168.32.53:45493 
-anayzeMsg , -decode1 0,1 :  ,  2##111##oooo##eeee 
-anayzeMsg , -decode2 0,1,2 : 2 , 111 , oooo  
 readOut: n:24 , err:<nil>  
<- handlerMsg:: readfromudp , n: 24 , buff: ###2##111##oooo##ssss### 
 -- addr: 192.168.32.53:45493 
-anayzeMsg , -decode1 0,1 :  ,  2##111##oooo##ssss 
-anayzeMsg , -decode2 0,1,2 : 2 , 111 , oooo  
 readOut: n:24 , err:<nil>  
<- handlerMsg:: readfromudp , n: 37 , buff: ###1##222##ghb##ghb进入聊天室### 
 -- addr: 192.168.32.53:48485 
-anayzeMsg , -decode1 0,1 :  ,  1##222##ghb##ghb进入聊天室 
-anayzeMsg , -decode2 0,1,2 : 1 , 222 , ghb  
 readOut: n:37 , err:<nil>  
readOut: n:37 , err:<nil>  
<- handlerMsg:: readfromudp , n: 24 , buff: ###2##222##ghb##iiioo### 
 -- addr: 192.168.32.53:48485 
-anayzeMsg , -decode1 0,1 :  ,  2##222##ghb##iiioo 
-anayzeMsg , -decode2 0,1,2 : 2 , 222 , ghb  
 readOut: n:24 , err:<nil>  
readOut: n:24 , err:<nil>  
<- handlerMsg:: readfromudp , n: 22 , buff: ###2##222##ghb##iii### 
 -- addr: 192.168.32.53:48485 
-anayzeMsg , -decode1 0,1 :  ,  2##222##ghb##iii 
-anayzeMsg , -decode2 0,1,2 : 2 , 222 , ghb  
 readOut: n:22 , err:<nil>  
readOut: n:22 , err:<nil>  
<- handlerMsg:: readfromudp , n: 37 , buff: ###3##222##ghb##ghb离开聊天室### 
 -- addr: 192.168.32.53:48485 
-anayzeMsg , -decode1 0,1 :  ,  3##222##ghb##ghb离开聊天室 
-anayzeMsg , -decode2 0,1,2 : 3 , 222 , ghb  
 readOut: n:37 , err:<nil>  
<- handlerMsg:: readfromudp , n: 35 , buff: ###1##1##hhh##hhh进入聊天室### 
 -- addr: 192.168.32.53:34803 
-anayzeMsg , -decode1 0,1 :  ,  1##1##hhh##hhh进入聊天室 
-anayzeMsg , -decode2 0,1,2 : 1 , 1 , hhh  
 readOut: n:35 , err:<nil>  
readOut: n:35 , err:<nil>  
<- handlerMsg:: readfromudp , n: 21 , buff: ###2##1##hhh##okok### 
 -- addr: 192.168.32.53:34803 
-anayzeMsg , -decode1 0,1 :  ,  2##1##hhh##okok 
-anayzeMsg , -decode2 0,1,2 : 2 , 1 , hhh  
 readOut: n:21 , err:<nil>  
readOut: n:21 , err:<nil>  
<- handlerMsg:: readfromudp , n: 35 , buff: ###3##1##hhh##hhh离开聊天室### 
 -- addr: 192.168.32.53:34803 
-anayzeMsg , -decode1 0,1 :  ,  3##1##hhh##hhh离开聊天室 
-anayzeMsg , -decode2 0,1,2 : 3 , 1 , hhh  
 readOut: n:35 , err:<nil>  
